Logfile initialized
[INFO] logfile = /Volumes/MacCodes/Code/Mobile/TitaniumProject/html5mobi/build.log
[DEBUG] /Users/winsonet/Library/Application Support/Titanium/mobilesdk/osx/2.1.0.v20120702172246/android/builder.py simulator html5mobi /Volumes/MacCodes/Code/Mobile/Android/android-sdk-macosx /Volumes/MacCodes/Code/Mobile/TitaniumProject/html5mobi html5mobi.com 9 WVGA800 
[INFO] Building html5mobi for Android ... one moment
[INFO] Titanium SDK version: 2.1.0 (07/02/12 17:22 d5f10ea)
[DEBUG] Waiting for device to be ready ...
[TRACE] adb devices returned 1 devices/emulators
[DEBUG] Device connected... (waited 0 seconds)
[DEBUG] waited 0.028694 seconds on emulator to get ready
[DEBUG] html5mobi.com installed? True
[INFO] Fastdev server running, deploying in Fastdev mode
[INFO] Copying CommonJS modules...
[INFO] Copying project resources..
[TRACE] COPYING MODIFIED FILE: /Volumes/MacCodes/Code/Mobile/TitaniumProject/html5mobi/Resources/app/base/styles.js => /Volumes/MacCodes/Code/Mobile/TitaniumProject/html5mobi/build/android/bin/assets/Resources/app/base/styles.js
[INFO] Tiapp.xml unchanged, skipping class generation
[DEBUG] Processing Android resource drawables
[DEBUG] found drawable-long-land-hdpi splash screen at /Volumes/MacCodes/Code/Mobile/TitaniumProject/html5mobi/Resources/android/images/res-long-land-hdpi/default.png
[DEBUG] found drawable-long-land-ldpi splash screen at /Volumes/MacCodes/Code/Mobile/TitaniumProject/html5mobi/Resources/android/images/res-long-land-ldpi/default.png
[DEBUG] found drawable-long-port-hdpi splash screen at /Volumes/MacCodes/Code/Mobile/TitaniumProject/html5mobi/Resources/android/images/res-long-port-hdpi/default.png
[DEBUG] found drawable-long-port-ldpi splash screen at /Volumes/MacCodes/Code/Mobile/TitaniumProject/html5mobi/Resources/android/images/res-long-port-ldpi/default.png
[DEBUG] found drawable-notlong-land-hdpi splash screen at /Volumes/MacCodes/Code/Mobile/TitaniumProject/html5mobi/Resources/android/images/res-notlong-land-hdpi/default.png
[DEBUG] found drawable-notlong-land-ldpi splash screen at /Volumes/MacCodes/Code/Mobile/TitaniumProject/html5mobi/Resources/android/images/res-notlong-land-ldpi/default.png
[DEBUG] found drawable-notlong-land-mdpi splash screen at /Volumes/MacCodes/Code/Mobile/TitaniumProject/html5mobi/Resources/android/images/res-notlong-land-mdpi/default.png
[DEBUG] found drawable-notlong-port-hdpi splash screen at /Volumes/MacCodes/Code/Mobile/TitaniumProject/html5mobi/Resources/android/images/res-notlong-port-hdpi/default.png
[DEBUG] found drawable-notlong-port-ldpi splash screen at /Volumes/MacCodes/Code/Mobile/TitaniumProject/html5mobi/Resources/android/images/res-notlong-port-ldpi/default.png
[DEBUG] found drawable-notlong-port-mdpi splash screen at /Volumes/MacCodes/Code/Mobile/TitaniumProject/html5mobi/Resources/android/images/res-notlong-port-mdpi/default.png
[INFO] Waiting for SDCard to become available..
[INFO] Re-launching application ... html5mobi
[INFO] Launching application ... html5mobi
[TRACE] Launch output: Starting: Intent { act=android.intent.action.MAIN cat=[android.intent.category.LAUNCHER] cmp=html5mobi.com/.Html5mobiActivity }

[INFO] Android Emulator has exited
